LEAF服务启动完成.
启动任务队列服务（队列线程池:3)... 
Worker#0 is started
Worker#1 is started
Worker#2 is started
启动时间处理器 
启动服务： 0.0.0.0:9502
执行任务: pid=1031691583 
-完成任务：pid=1031691583 
执行任务: pid=2110930083 
-完成任务：pid=2110930083 
执行任务: pid=1995254642 
-完成任务：pid=1995254642 
执行任务: pid=2080751252 
-完成任务：pid=2080751252 
执行任务: pid=596933027 
-完成任务：pid=596933027 
执行任务: pid=1718709216 
-完成任务：pid=1718709216 
执行任务: pid=1870825365 
-完成任务：pid=1870825365 
执行任务: pid=664537036 
-完成任务：pid=664537036 
执行任务: pid=1904496852 
-完成任务：pid=1904496852 
执行任务: pid=504711217 
-完成任务：pid=504711217 
执行任务: pid=421095576 
-完成任务：pid=421095576 
执行任务: pid=1735139287 
-完成任务：pid=1735139287 
执行任务: pid=1351557082 
-完成任务：pid=1351557082 
执行任务: pid=1291981155 
-完成任务：pid=1291981155 
执行任务: pid=1672814045 
-完成任务：pid=1672814045 
执行任务: pid=1684894162 
-完成任务：pid=1684894162 
执行任务: pid=461419834 
-完成任务：pid=461419834 
执行任务: pid=1160203152 
-完成任务：pid=1160203152 
执行任务: pid=172905638 
-完成任务：pid=172905638 
执行任务: pid=625847508 
-完成任务：pid=625847508 
执行任务: pid=148729180 
-完成任务：pid=148729180 
执行任务: pid=987926855 
-完成任务：pid=987926855 
执行任务: pid=1928846545 
-完成任务：pid=1928846545 
执行任务: pid=1244909934 
-完成任务：pid=1244909934 
执行任务: pid=784733493 
-完成任务：pid=784733493 
执行任务: pid=1176459057 
-完成任务：pid=1176459057 
执行任务: pid=387242567 
-完成任务：pid=387242567 
执行任务: pid=823166681 
-完成任务：pid=823166681 
执行任务: pid=1034339788 
-完成任务：pid=1034339788 
执行任务: pid=211560975 
-完成任务：pid=211560975 
执行任务: pid=794089071 
-完成任务：pid=794089071 
执行任务: pid=541572424 
-完成任务：pid=541572424 
执行任务: pid=828400558 
-完成任务：pid=828400558 
执行任务: pid=1876123000 
-完成任务：pid=1876123000 
执行任务: pid=1428175030 
-完成任务：pid=1428175030 
执行任务: pid=1312122482 
-完成任务：pid=1312122482 
执行任务: pid=2051546011 
-完成任务：pid=2051546011 
执行任务: pid=1041589894 
-完成任务：pid=1041589894 
执行任务: pid=810804695 
-完成任务：pid=810804695 
执行任务: pid=431788803 
-完成任务：pid=431788803 
执行任务: pid=162640536 
-完成任务：pid=162640536 
执行任务: pid=1895058342 
-完成任务：pid=1895058342 
执行任务: pid=584575386 
-完成任务：pid=584575386 
执行任务: pid=830831963 
-完成任务：pid=830831963 
执行任务: pid=931403727 
-完成任务：pid=931403727 
执行任务: pid=2065554116 
-完成任务：pid=2065554116 
执行任务: pid=149263953 
-完成任务：pid=149263953 
执行任务: pid=649571930 
-完成任务：pid=649571930 
执行任务: pid=595996950 
-完成任务：pid=595996950 
执行任务: pid=1641999705 
-完成任务：pid=1641999705 
执行任务: pid=2101289592 
-完成任务：pid=2101289592 
执行任务: pid=1449622965 
-完成任务：pid=1449622965 
执行任务: pid=284555652 
-完成任务：pid=284555652 
执行任务: pid=138994052 
-完成任务：pid=138994052 
执行任务: pid=83727185 
-完成任务：pid=83727185 
执行任务: pid=1129788898 
-完成任务：pid=1129788898 
执行任务: pid=495326932 
-完成任务：pid=495326932 
执行任务: pid=2130286610 
-完成任务：pid=2130286610 
执行任务: pid=1643560481 
-完成任务：pid=1643560481 
执行任务: pid=871407463 
-完成任务：pid=871407463 
执行任务: pid=631801537 
-完成任务：pid=631801537 
执行任务: pid=974347906 
-完成任务：pid=974347906 
执行任务: pid=103212924 
-完成任务：pid=103212924 
执行任务: pid=1871074292 
-完成任务：pid=1871074292 
执行任务: pid=605306234 
-完成任务：pid=605306234 
执行任务: pid=2143741330 
-完成任务：pid=2143741330 
执行任务: pid=1977443277 
-完成任务：pid=1977443277 
执行任务: pid=2116471601 
-完成任务：pid=2116471601 
执行任务: pid=72125706 
-完成任务：pid=72125706 
执行任务: pid=224917503 
-完成任务：pid=224917503 
执行任务: pid=548705655 
-完成任务：pid=548705655 
执行任务: pid=1773293955 
-完成任务：pid=1773293955 
执行任务: pid=1318875312 
-完成任务：pid=1318875312 
执行任务: pid=760536091 
-完成任务：pid=760536091 
执行任务: pid=1250950702 
-完成任务：pid=1250950702 
执行任务: pid=816701314 
-完成任务：pid=816701314 
执行任务: pid=789761829 
-完成任务：pid=789761829 
执行任务: pid=89144422 
-完成任务：pid=89144422 
执行任务: pid=1126303233 
-完成任务：pid=1126303233 
执行任务: pid=312330104 
-完成任务：pid=312330104 
执行任务: pid=804467327 
-完成任务：pid=804467327 
执行任务: pid=792683473 
-完成任务：pid=792683473 
执行任务: pid=679056003 
-完成任务：pid=679056003 
执行任务: pid=1982442121 
-完成任务：pid=1982442121 
执行任务: pid=1542197717 
-完成任务：pid=1542197717 
执行任务: pid=488864754 
-完成任务：pid=488864754 
执行任务: pid=1697235421 
-完成任务：pid=1697235421 
执行任务: pid=992049010 
-完成任务：pid=992049010 
执行任务: pid=211419606 
-完成任务：pid=211419606 
执行任务: pid=670935389 
-完成任务：pid=670935389 
执行任务: pid=1590379561 
-完成任务：pid=1590379561 
执行任务: pid=1660215528 
-完成任务：pid=1660215528 
执行任务: pid=1662336195 
-完成任务：pid=1662336195 
执行任务: pid=31929194 
-完成任务：pid=31929194 
执行任务: pid=965070586 
-完成任务：pid=965070586 
执行任务: pid=24589054 
-完成任务：pid=24589054 
执行任务: pid=1664066030 
-完成任务：pid=1664066030 
执行任务: pid=1181146199 
-完成任务：pid=1181146199 
执行任务: pid=1308820440 
-完成任务：pid=1308820440 
执行任务: pid=1557512421 
-完成任务：pid=1557512421 
执行任务: pid=1706230113 
-完成任务：pid=1706230113 
执行任务: pid=740499128 
-完成任务：pid=740499128 
执行任务: pid=555939667 
-完成任务：pid=555939667 
执行任务: pid=1761503263 
-完成任务：pid=1761503263 
执行任务: pid=774221981 
-完成任务：pid=774221981 
执行任务: pid=1711713797 
-完成任务：pid=1711713797 
执行任务: pid=797845847 
-完成任务：pid=797845847 
执行任务: pid=1683292236 
-完成任务：pid=1683292236 
执行任务: pid=1896300651 
-完成任务：pid=1896300651 
执行任务: pid=591459757 
-完成任务：pid=591459757 
执行任务: pid=1237993685 
-完成任务：pid=1237993685 
执行任务: pid=73809668 
-完成任务：pid=73809668 
执行任务: pid=1734205941 
-完成任务：pid=1734205941 
执行任务: pid=921861656 
-完成任务：pid=921861656 
执行任务: pid=851800209 
-完成任务：pid=851800209 
执行任务: pid=739473786 
-完成任务：pid=739473786 
执行任务: pid=2026924438 
-完成任务：pid=2026924438 
执行任务: pid=333440358 
-完成任务：pid=333440358 
执行任务: pid=133004523 
-完成任务：pid=133004523 
执行任务: pid=458797542 
-完成任务：pid=458797542 
执行任务: pid=1916127329 
-完成任务：pid=1916127329 
执行任务: pid=1933860208 
-完成任务：pid=1933860208 
执行任务: pid=753055985 
-完成任务：pid=753055985 
执行任务: pid=2046079641 
-完成任务：pid=2046079641 
执行任务: pid=1094589009 
-完成任务：pid=1094589009 
执行任务: pid=193957060 
-完成任务：pid=193957060 
执行任务: pid=1050657203 
-完成任务：pid=1050657203 
执行任务: pid=1078157401 
-完成任务：pid=1078157401 
执行任务: pid=1692714196 
-完成任务：pid=1692714196 
执行任务: pid=2007058621 
-完成任务：pid=2007058621 
执行任务: pid=1321790374 
-完成任务：pid=1321790374 
执行任务: pid=1533625715 
-完成任务：pid=1533625715 
执行任务: pid=1207320114 
-完成任务：pid=1207320114 
执行任务: pid=72459379 
-完成任务：pid=72459379 
执行任务: pid=630961742 
-完成任务：pid=630961742 
执行任务: pid=1113916646 
-完成任务：pid=1113916646 
执行任务: pid=141721925 
-完成任务：pid=141721925 
执行任务: pid=450999942 
-完成任务：pid=450999942 
执行任务: pid=2141951678 
-完成任务：pid=2141951678 
执行任务: pid=392527934 
-完成任务：pid=392527934 
执行任务: pid=1425227441 
-完成任务：pid=1425227441 
执行任务: pid=1503442671 
-完成任务：pid=1503442671 
执行任务: pid=64028945 
-完成任务：pid=64028945 
执行任务: pid=388347502 
-完成任务：pid=388347502 
执行任务: pid=1894958743 
-完成任务：pid=1894958743 
执行任务: pid=255835458 
-完成任务：pid=255835458 
执行任务: pid=1665041975 
-完成任务：pid=1665041975 
执行任务: pid=220738106 
-完成任务：pid=220738106 
执行任务: pid=353884497 
-完成任务：pid=353884497 
执行任务: pid=1023016599 
-完成任务：pid=1023016599 
执行任务: pid=377623364 
-完成任务：pid=377623364 
执行任务: pid=1797982235 
-完成任务：pid=1797982235 
执行任务: pid=2009767530 
-完成任务：pid=2009767530 
执行任务: pid=927043449 
-完成任务：pid=927043449 
执行任务: pid=480204291 
-完成任务：pid=480204291 
执行任务: pid=296153882 
-完成任务：pid=296153882 
执行任务: pid=1496653427 
-完成任务：pid=1496653427 
执行任务: pid=33313162 
-完成任务：pid=33313162 
执行任务: pid=472126455 
-完成任务：pid=472126455 
执行任务: pid=1237670020 
-完成任务：pid=1237670020 
执行任务: pid=1427407452 
-完成任务：pid=1427407452 
执行任务: pid=102955035 
-完成任务：pid=102955035 
执行任务: pid=1023570392 
-完成任务：pid=1023570392 
执行任务: pid=1382922892 
-完成任务：pid=1382922892 
执行任务: pid=1319298500 
-完成任务：pid=1319298500 
执行任务: pid=1443010821 
-完成任务：pid=1443010821 
执行任务: pid=359204314 
-完成任务：pid=359204314 
执行任务: pid=1189530509 
-完成任务：pid=1189530509 
执行任务: pid=728864520 
-完成任务：pid=728864520 
执行任务: pid=2052990329 
-完成任务：pid=2052990329 
执行任务: pid=1681303648 
-完成任务：pid=1681303648 
执行任务: pid=737632765 
-完成任务：pid=737632765 
执行任务: pid=1107425175 
-完成任务：pid=1107425175 
执行任务: pid=2027644106 
-完成任务：pid=2027644106 
执行任务: pid=1249481369 
-完成任务：pid=1249481369 
执行任务: pid=1743508135 
-完成任务：pid=1743508135 
执行任务: pid=1755693619 
-完成任务：pid=1755693619 
执行任务: pid=1116577822 
-完成任务：pid=1116577822 
执行任务: pid=1877254087 
-完成任务：pid=1877254087 
执行任务: pid=556990975 
-完成任务：pid=556990975 
执行任务: pid=1020580603 
-完成任务：pid=1020580603 
执行任务: pid=157671824 
-完成任务：pid=157671824 
执行任务: pid=1430348897 
-完成任务：pid=1430348897 
执行任务: pid=1480263932 
-完成任务：pid=1480263932 
执行任务: pid=1802091427 
-完成任务：pid=1802091427 
执行任务: pid=984378660 
-完成任务：pid=984378660 
执行任务: pid=279478406 
-完成任务：pid=279478406 
执行任务: pid=483549946 
-完成任务：pid=483549946 
执行任务: pid=540388904 
-完成任务：pid=540388904 
执行任务: pid=238743874 
-完成任务：pid=238743874 
执行任务: pid=597546652 
-完成任务：pid=597546652 
执行任务: pid=657038911 
-完成任务：pid=657038911 
执行任务: pid=1667722544 
-完成任务：pid=1667722544 
执行任务: pid=1952406549 
-完成任务：pid=1952406549 
执行任务: pid=692968536 
-完成任务：pid=692968536 
执行任务: pid=784779423 
-完成任务：pid=784779423 
执行任务: pid=1931098170 
-完成任务：pid=1931098170 
执行任务: pid=963031919 
-完成任务：pid=963031919 
执行任务: pid=1711510919 
-完成任务：pid=1711510919 
执行任务: pid=808015381 
-完成任务：pid=808015381 
执行任务: pid=1999613199 
-完成任务：pid=1999613199 
执行任务: pid=175760530 
-完成任务：pid=175760530 
执行任务: pid=1174237937 
-完成任务：pid=1174237937 
执行任务: pid=197789501 
-完成任务：pid=197789501 
执行任务: pid=392810350 
-完成任务：pid=392810350 
执行任务: pid=1140082123 
-完成任务：pid=1140082123 
执行任务: pid=264153916 
-完成任务：pid=264153916 
执行任务: pid=2045696427 
-完成任务：pid=2045696427 
执行任务: pid=762876318 
-完成任务：pid=762876318 
执行任务: pid=987655162 
-完成任务：pid=987655162 
执行任务: pid=2127324888 
-完成任务：pid=2127324888 
执行任务: pid=550931598 
-完成任务：pid=550931598 
执行任务: pid=470751291 
-完成任务：pid=470751291 
执行任务: pid=1833308411 
-完成任务：pid=1833308411 
执行任务: pid=679791068 
-完成任务：pid=679791068 
执行任务: pid=701644123 
-完成任务：pid=701644123 
执行任务: pid=1483247508 
-完成任务：pid=1483247508 
执行任务: pid=539364100 
-完成任务：pid=539364100 
执行任务: pid=617910600 
-完成任务：pid=617910600 
执行任务: pid=351136415 
-完成任务：pid=351136415 
执行任务: pid=1852644811 
-完成任务：pid=1852644811 
执行任务: pid=102444538 
-完成任务：pid=102444538 
执行任务: pid=1097286558 
-完成任务：pid=1097286558 
执行任务: pid=1426874137 
-完成任务：pid=1426874137 
执行任务: pid=878194064 
-完成任务：pid=878194064 
执行任务: pid=1831939535 
-完成任务：pid=1831939535 
执行任务: pid=757673909 
-完成任务：pid=757673909 
执行任务: pid=1281732185 
-完成任务：pid=1281732185 
执行任务: pid=36532839 
-完成任务：pid=36532839 
执行任务: pid=174593308 
-完成任务：pid=174593308 
执行任务: pid=1091889908 
-完成任务：pid=1091889908 
执行任务: pid=504198253 
-完成任务：pid=504198253 
执行任务: pid=1416212361 
-完成任务：pid=1416212361 
执行任务: pid=2098757099 
-完成任务：pid=2098757099 
执行任务: pid=1892678154 
-完成任务：pid=1892678154 
执行任务: pid=188638108 
-完成任务：pid=188638108 
执行任务: pid=1510617002 
-完成任务：pid=1510617002 
执行任务: pid=1064316509 
-完成任务：pid=1064316509 
执行任务: pid=1330360482 
-完成任务：pid=1330360482 
执行任务: pid=1156936514 
-完成任务：pid=1156936514 
执行任务: pid=1077689852 
-完成任务：pid=1077689852 
执行任务: pid=774138234 
-完成任务：pid=774138234 
执行任务: pid=123513850 
-完成任务：pid=123513850 
执行任务: pid=131902739 
-完成任务：pid=131902739 
执行任务: pid=1934202092 
-完成任务：pid=1934202092 
执行任务: pid=509008980 
-完成任务：pid=509008980 
执行任务: pid=1244637492 
-完成任务：pid=1244637492 
执行任务: pid=694517550 
-完成任务：pid=694517550 
执行任务: pid=321773571 
-完成任务：pid=321773571 
执行任务: pid=160510872 
-完成任务：pid=160510872 
执行任务: pid=1050511221 
-完成任务：pid=1050511221 
执行任务: pid=158314490 
-完成任务：pid=158314490 
执行任务: pid=1753764281 
-完成任务：pid=1753764281 
执行任务: pid=1200470578 
-完成任务：pid=1200470578 
执行任务: pid=1732437915 
-完成任务：pid=1732437915 
执行任务: pid=507162823 
-完成任务：pid=507162823 
执行任务: pid=45245223 
-完成任务：pid=45245223 
执行任务: pid=860886972 
-完成任务：pid=860886972 
执行任务: pid=1242359070 
-完成任务：pid=1242359070 
执行任务: pid=916276109 
-完成任务：pid=916276109 
执行任务: pid=1715920258 
-完成任务：pid=1715920258 
执行任务: pid=1161795412 
-完成任务：pid=1161795412 
执行任务: pid=2085741783 
-完成任务：pid=2085741783 
执行任务: pid=2115518097 
-完成任务：pid=2115518097 
执行任务: pid=383796623 
-完成任务：pid=383796623 
执行任务: pid=1069681983 
-完成任务：pid=1069681983 
执行任务: pid=1653588432 
-完成任务：pid=1653588432 
执行任务: pid=1172193232 
-完成任务：pid=1172193232 
执行任务: pid=1670115768 
-完成任务：pid=1670115768 
执行任务: pid=1703589159 
-完成任务：pid=1703589159 
执行任务: pid=1234453422 
-完成任务：pid=1234453422 
执行任务: pid=104941071 
-完成任务：pid=104941071 
执行任务: pid=447372506 
-完成任务：pid=447372506 
执行任务: pid=611452615 
-完成任务：pid=611452615 
执行任务: pid=2129523787 
-完成任务：pid=2129523787 
执行任务: pid=208704207 
-完成任务：pid=208704207 
执行任务: pid=998550672 
-完成任务：pid=998550672 
执行任务: pid=2024249387 
-完成任务：pid=2024249387 
执行任务: pid=767722889 
-完成任务：pid=767722889 
执行任务: pid=1564025218 
-完成任务：pid=1564025218 
执行任务: pid=25540767 
-完成任务：pid=25540767 
执行任务: pid=2085334948 
-完成任务：pid=2085334948 
执行任务: pid=1791735829 
-完成任务：pid=1791735829 
执行任务: pid=306336655 
-完成任务：pid=306336655 
执行任务: pid=239636894 
-完成任务：pid=239636894 
执行任务: pid=2050387496 
-完成任务：pid=2050387496 
执行任务: pid=1872324277 
-完成任务：pid=1872324277 
执行任务: pid=260232590 
-完成任务：pid=260232590 
执行任务: pid=813119444 
-完成任务：pid=813119444 
执行任务: pid=2002465040 
-完成任务：pid=2002465040 
执行任务: pid=943113327 
-完成任务：pid=943113327 
执行任务: pid=1506204863 
-完成任务：pid=1506204863 
执行任务: pid=87162262 
-完成任务：pid=87162262 
执行任务: pid=651298456 
-完成任务：pid=651298456 
执行任务: pid=247300883 
-完成任务：pid=247300883 
执行任务: pid=384806977 
-完成任务：pid=384806977 
执行任务: pid=84377153 
-完成任务：pid=84377153 
执行任务: pid=1059519196 
-完成任务：pid=1059519196 
执行任务: pid=1467400090 
-完成任务：pid=1467400090 
执行任务: pid=491950041 
-完成任务：pid=491950041 
执行任务: pid=197832867 
-完成任务：pid=197832867 
执行任务: pid=879532939 
-完成任务：pid=879532939 
执行任务: pid=1063627058 
-完成任务：pid=1063627058 
执行任务: pid=1555715516 
-完成任务：pid=1555715516 
执行任务: pid=1129905190 
-完成任务：pid=1129905190 
执行任务: pid=260165675 
-完成任务：pid=260165675 
执行任务: pid=1919983869 
-完成任务：pid=1919983869 
执行任务: pid=608303459 
-完成任务：pid=608303459 
执行任务: pid=1608080844 
-完成任务：pid=1608080844 
执行任务: pid=722630213 
-完成任务：pid=722630213 
执行任务: pid=1656210718 
-完成任务：pid=1656210718 
执行任务: pid=866505222 
-完成任务：pid=866505222 
执行任务: pid=1578385789 
-完成任务：pid=1578385789 
执行任务: pid=749261395 
-完成任务：pid=749261395 
执行任务: pid=1098515910 
-完成任务：pid=1098515910 
执行任务: pid=1652294579 
-完成任务：pid=1652294579 
执行任务: pid=1740838613 
-完成任务：pid=1740838613 
执行任务: pid=643404712 
-完成任务：pid=643404712 
执行任务: pid=228084232 
-完成任务：pid=228084232 
执行任务: pid=259380128 
-完成任务：pid=259380128 
执行任务: pid=1925600867 
-完成任务：pid=1925600867 
执行任务: pid=1760498441 
-完成任务：pid=1760498441 
执行任务: pid=447926874 
-完成任务：pid=447926874 
执行任务: pid=494579182 
-完成任务：pid=494579182 
执行任务: pid=2083336097 
-完成任务：pid=2083336097 
执行任务: pid=289564597 
-完成任务：pid=289564597 
执行任务: pid=2103053113 
-完成任务：pid=2103053113 
执行任务: pid=1632682477 
-完成任务：pid=1632682477 
执行任务: pid=998268478 
-完成任务：pid=998268478 
执行任务: pid=313236117 
-完成任务：pid=313236117 
执行任务: pid=366690528 
-完成任务：pid=366690528 
执行任务: pid=1883122530 
-完成任务：pid=1883122530 
执行任务: pid=1582670314 
-完成任务：pid=1582670314 
执行任务: pid=397785719 
-完成任务：pid=397785719 
执行任务: pid=194412848 
-完成任务：pid=194412848 
执行任务: pid=944228721 
-完成任务：pid=944228721 
执行任务: pid=491973597 
-完成任务：pid=491973597 
执行任务: pid=1597261998 
-完成任务：pid=1597261998 
执行任务: pid=506875523 
-完成任务：pid=506875523 
执行任务: pid=135859529 
-完成任务：pid=135859529 
执行任务: pid=1381437936 
-完成任务：pid=1381437936 
执行任务: pid=103001388 
-完成任务：pid=103001388 
执行任务: pid=2013385201 
-完成任务：pid=2013385201 
执行任务: pid=1039671725 
-完成任务：pid=1039671725 
执行任务: pid=1875054978 
-完成任务：pid=1875054978 
执行任务: pid=1502545269 
-完成任务：pid=1502545269 
执行任务: pid=840740354 
-完成任务：pid=840740354 
执行任务: pid=1019090981 
-完成任务：pid=1019090981 
执行任务: pid=1266779988 
-完成任务：pid=1266779988 
执行任务: pid=528706294 
-完成任务：pid=528706294 
执行任务: pid=990833577 
-完成任务：pid=990833577 
执行任务: pid=368142651 
-完成任务：pid=368142651 
执行任务: pid=1822646411 
-完成任务：pid=1822646411 
执行任务: pid=1946279084 
-完成任务：pid=1946279084 
执行任务: pid=2126615408 
-完成任务：pid=2126615408 
执行任务: pid=1169055349 
执行任务: pid=395971343 
-完成任务：pid=1169055349 
-完成任务：pid=395971343 
执行任务: pid=1488964505 
-完成任务：pid=1488964505 
执行任务: pid=568384521 
-完成任务：pid=568384521 
执行任务: pid=1564324732 
-完成任务：pid=1564324732 
执行任务: pid=614748448 
执行任务: pid=2069010863 
-完成任务：pid=614748448 
-完成任务：pid=2069010863 
执行任务: pid=1804168902 
-完成任务：pid=1804168902 
执行任务: pid=340565591 
-完成任务：pid=340565591 
执行任务: pid=435217069 
-完成任务：pid=435217069 
执行任务: pid=1983729677 
-完成任务：pid=1983729677 
执行任务: pid=1284010461 
-完成任务：pid=1284010461 
执行任务: pid=432100140 
-完成任务：pid=432100140 
执行任务: pid=2061319761 
-完成任务：pid=2061319761 
执行任务: pid=1213567128 
-完成任务：pid=1213567128 
执行任务: pid=482656192 
-完成任务：pid=482656192 
执行任务: pid=482997793 
-完成任务：pid=482997793 
执行任务: pid=108058625 
-完成任务：pid=108058625 
执行任务: pid=467416496 
-完成任务：pid=467416496 
执行任务: pid=229085809 
-完成任务：pid=229085809 
执行任务: pid=1949635855 
-完成任务：pid=1949635855 
执行任务: pid=1688990673 
-完成任务：pid=1688990673 
执行任务: pid=1699450145 
-完成任务：pid=1699450145 
执行任务: pid=1352099166 
-完成任务：pid=1352099166 
执行任务: pid=1874951517 
-完成任务：pid=1874951517 
执行任务: pid=1212665856 
-完成任务：pid=1212665856 
执行任务: pid=365101715 
-完成任务：pid=365101715 
执行任务: pid=1681030410 
-完成任务：pid=1681030410 
执行任务: pid=1285005225 
-完成任务：pid=1285005225 
执行任务: pid=761897849 
-完成任务：pid=761897849 
执行任务: pid=331049936 
-完成任务：pid=331049936 
执行任务: pid=1867519939 
-完成任务：pid=1867519939 
执行任务: pid=164461776 
-完成任务：pid=164461776 
执行任务: pid=2106355765 
-完成任务：pid=2106355765 
执行任务: pid=1179967112 
-完成任务：pid=1179967112 
执行任务: pid=1062581188 
-完成任务：pid=1062581188 
执行任务: pid=361826655 
-完成任务：pid=361826655 
执行任务: pid=964335726 
-完成任务：pid=964335726 
执行任务: pid=1853403048 
-完成任务：pid=1853403048 
执行任务: pid=1654751387 
-完成任务：pid=1654751387 
执行任务: pid=1739074233 
-完成任务：pid=1739074233 
执行任务: pid=984498291 
-完成任务：pid=984498291 
执行任务: pid=110530088 
-完成任务：pid=110530088 
执行任务: pid=1696562868 
-完成任务：pid=1696562868 
执行任务: pid=1015130360 
-完成任务：pid=1015130360 
执行任务: pid=709887364 
-完成任务：pid=709887364 
执行任务: pid=74389549 
-完成任务：pid=74389549 
执行任务: pid=1366269550 
-完成任务：pid=1366269550 
执行任务: pid=1416410891 
-完成任务：pid=1416410891 
执行任务: pid=2096043261 
-完成任务：pid=2096043261 
执行任务: pid=1640703974 
-完成任务：pid=1640703974 
执行任务: pid=1570363478 
-完成任务：pid=1570363478 
执行任务: pid=1809973373 
-完成任务：pid=1809973373 
执行任务: pid=1575143762 
-完成任务：pid=1575143762 
执行任务: pid=1692788265 
-完成任务：pid=1692788265 
执行任务: pid=570710320 
-完成任务：pid=570710320 
执行任务: pid=928763156 
-完成任务：pid=928763156 
执行任务: pid=1937700747 
-完成任务：pid=1937700747 
执行任务: pid=585912147 
-完成任务：pid=585912147 
执行任务: pid=760163003 
-完成任务：pid=760163003 
执行任务: pid=277504594 
-完成任务：pid=277504594 
执行任务: pid=1795625981 
-完成任务：pid=1795625981 
执行任务: pid=5395784 
-完成任务：pid=5395784 
执行任务: pid=137672699 
-完成任务：pid=137672699 
执行任务: pid=1155531131 
-完成任务：pid=1155531131 
执行任务: pid=636649082 
-完成任务：pid=636649082 
执行任务: pid=620462407 
-完成任务：pid=620462407 
执行任务: pid=1126083228 
-完成任务：pid=1126083228 
执行任务: pid=533269234 
-完成任务：pid=533269234 
执行任务: pid=1510923093 
-完成任务：pid=1510923093 
执行任务: pid=1276646701 
-完成任务：pid=1276646701 
执行任务: pid=844351083 
-完成任务：pid=844351083 
执行任务: pid=1564824444 
-完成任务：pid=1564824444 
执行任务: pid=1396446046 
-完成任务：pid=1396446046 
执行任务: pid=1651939765 
-完成任务：pid=1651939765 
执行任务: pid=2076043066 
-完成任务：pid=2076043066 
执行任务: pid=299229438 
-完成任务：pid=299229438 
执行任务: pid=167497084 
-完成任务：pid=167497084 
执行任务: pid=862002033 
-完成任务：pid=862002033 
执行任务: pid=1960304134 
-完成任务：pid=1960304134 
执行任务: pid=1353992894 
-完成任务：pid=1353992894 
执行任务: pid=2022276286 
-完成任务：pid=2022276286 
执行任务: pid=1672915224 
-完成任务：pid=1672915224 
执行任务: pid=1374251122 
-完成任务：pid=1374251122 
执行任务: pid=36077383 
-完成任务：pid=36077383 
执行任务: pid=765244246 
-完成任务：pid=765244246 
执行任务: pid=245189866 
-完成任务：pid=245189866 
执行任务: pid=170817515 
-完成任务：pid=170817515 
执行任务: pid=1206283049 
-完成任务：pid=1206283049 
执行任务: pid=1961263897 
-完成任务：pid=1961263897 
执行任务: pid=1537800632 
-完成任务：pid=1537800632 
执行任务: pid=67946452 
-完成任务：pid=67946452 
执行任务: pid=1375854686 
-完成任务：pid=1375854686 
执行任务: pid=1114791162 
-完成任务：pid=1114791162 
执行任务: pid=519669358 
-完成任务：pid=519669358 
执行任务: pid=1719904392 
-完成任务：pid=1719904392 
执行任务: pid=747055049 
-完成任务：pid=747055049 
执行任务: pid=690361557 
-完成任务：pid=690361557 
执行任务: pid=1531106230 
-完成任务：pid=1531106230 
执行任务: pid=687982035 
-完成任务：pid=687982035 
执行任务: pid=1375810765 
-完成任务：pid=1375810765 
执行任务: pid=625142864 
-完成任务：pid=625142864 
执行任务: pid=13035320 
-完成任务：pid=13035320 
执行任务: pid=1342129349 
-完成任务：pid=1342129349 
执行任务: pid=130688349 
-完成任务：pid=130688349 
执行任务: pid=1114135025 
-完成任务：pid=1114135025 
执行任务: pid=133205203 
-完成任务：pid=133205203 
执行任务: pid=1196887543 
-完成任务：pid=1196887543 
执行任务: pid=1433206767 
-完成任务：pid=1433206767 
执行任务: pid=296879269 
-完成任务：pid=296879269 
执行任务: pid=1106747952 
-完成任务：pid=1106747952 
执行任务: pid=1985153180 
-完成任务：pid=1985153180 
执行任务: pid=1056623386 
-完成任务：pid=1056623386 
执行任务: pid=85101554 
-完成任务：pid=85101554 
执行任务: pid=1872089540 
-完成任务：pid=1872089540 
执行任务: pid=1009220541 
-完成任务：pid=1009220541 
执行任务: pid=645880785 
-完成任务：pid=645880785 
执行任务: pid=2028772672 
-完成任务：pid=2028772672 
执行任务: pid=909359965 
-完成任务：pid=909359965 
执行任务: pid=850919449 
-完成任务：pid=850919449 
执行任务: pid=626067734 
-完成任务：pid=626067734 
执行任务: pid=1144624221 
-完成任务：pid=1144624221 
执行任务: pid=292236396 
-完成任务：pid=292236396 
执行任务: pid=2076884108 
-完成任务：pid=2076884108 
执行任务: pid=1068745950 
-完成任务：pid=1068745950 
执行任务: pid=968744073 
-完成任务：pid=968744073 
执行任务: pid=886875445 
-完成任务：pid=886875445 
执行任务: pid=1949923878 
-完成任务：pid=1949923878 
执行任务: pid=1421709401 
-完成任务：pid=1421709401 
执行任务: pid=1404282147 
-完成任务：pid=1404282147 
执行任务: pid=1382450540 
-完成任务：pid=1382450540 
执行任务: pid=713350290 
-完成任务：pid=713350290 
执行任务: pid=1381249348 
-完成任务：pid=1381249348 
执行任务: pid=1901170112 
-完成任务：pid=1901170112 
执行任务: pid=691248427 
-完成任务：pid=691248427 
执行任务: pid=1292642185 
-完成任务：pid=1292642185 
执行任务: pid=1588912414 
-完成任务：pid=1588912414 
执行任务: pid=1697073661 
-完成任务：pid=1697073661 
执行任务: pid=926298072 
-完成任务：pid=926298072 
执行任务: pid=327519195 
-完成任务：pid=327519195 
执行任务: pid=1184917660 
-完成任务：pid=1184917660 
执行任务: pid=1993133101 
-完成任务：pid=1993133101 
执行任务: pid=1082005776 
-完成任务：pid=1082005776 
执行任务: pid=488137939 
-完成任务：pid=488137939 
执行任务: pid=767577392 
-完成任务：pid=767577392 
执行任务: pid=1346531697 
-完成任务：pid=1346531697 
执行任务: pid=1351870267 
-完成任务：pid=1351870267 
执行任务: pid=7621607 
-完成任务：pid=7621607 
执行任务: pid=1625118072 
-完成任务：pid=1625118072 
执行任务: pid=118530686 
-完成任务：pid=118530686 
执行任务: pid=966417146 
-完成任务：pid=966417146 
执行任务: pid=2072317860 
-完成任务：pid=2072317860 
执行任务: pid=475252462 
-完成任务：pid=475252462 
执行任务: pid=1328780224 
-完成任务：pid=1328780224 
执行任务: pid=1173815851 
-完成任务：pid=1173815851 
执行任务: pid=2010615760 
-完成任务：pid=2010615760 
执行任务: pid=230862227 
-完成任务：pid=230862227 
执行任务: pid=1916755564 
-完成任务：pid=1916755564 
执行任务: pid=2077685799 
-完成任务：pid=2077685799 
执行任务: pid=716133228 
-完成任务：pid=716133228 
执行任务: pid=349457682 
-完成任务：pid=349457682 
执行任务: pid=1284380377 
-完成任务：pid=1284380377 
执行任务: pid=2062130723 
-完成任务：pid=2062130723 
执行任务: pid=350646130 
-完成任务：pid=350646130 
执行任务: pid=1132286993 
-完成任务：pid=1132286993 
执行任务: pid=195383037 
-完成任务：pid=195383037 
执行任务: pid=1505254100 
-完成任务：pid=1505254100 
执行任务: pid=1241820282 
-完成任务：pid=1241820282 
执行任务: pid=91990038 
-完成任务：pid=91990038 
执行任务: pid=444977333 
-完成任务：pid=444977333 
执行任务: pid=1171086733 
-完成任务：pid=1171086733 
执行任务: pid=2136613300 
-完成任务：pid=2136613300 
执行任务: pid=1097250909 
-完成任务：pid=1097250909 
执行任务: pid=96602925 
-完成任务：pid=96602925 
执行任务: pid=1603608853 
-完成任务：pid=1603608853 
执行任务: pid=17356795 
-完成任务：pid=17356795 
执行任务: pid=632190658 
-完成任务：pid=632190658 
执行任务: pid=1223859961 
-完成任务：pid=1223859961 
执行任务: pid=938874824 
-完成任务：pid=938874824 
执行任务: pid=781036574 
-完成任务：pid=781036574 
执行任务: pid=1035395861 
-完成任务：pid=1035395861 
执行任务: pid=36072689 
-完成任务：pid=36072689 
执行任务: pid=51242392 
-完成任务：pid=51242392 
执行任务: pid=1768694802 
-完成任务：pid=1768694802 
执行任务: pid=7585177 
-完成任务：pid=7585177 
执行任务: pid=2065229675 
-完成任务：pid=2065229675 
执行任务: pid=1458385761 
-完成任务：pid=1458385761 
执行任务: pid=1451705434 
-完成任务：pid=1451705434 
执行任务: pid=1559309606 
-完成任务：pid=1559309606 
执行任务: pid=1559071506 
-完成任务：pid=1559071506 
执行任务: pid=1432282058 
-完成任务：pid=1432282058 
执行任务: pid=232933731 
-完成任务：pid=232933731 
执行任务: pid=342379864 
-完成任务：pid=342379864 
执行任务: pid=823308057 
-完成任务：pid=823308057 
执行任务: pid=1018716734 
-完成任务：pid=1018716734 
执行任务: pid=1207280228 
-完成任务：pid=1207280228 
执行任务: pid=143973171 
-完成任务：pid=143973171 
执行任务: pid=1084082665 
-完成任务：pid=1084082665 
执行任务: pid=1321871341 
-完成任务：pid=1321871341 
执行任务: pid=1824736736 
-完成任务：pid=1824736736 
执行任务: pid=185077577 
-完成任务：pid=185077577 
执行任务: pid=939340582 
-完成任务：pid=939340582 
执行任务: pid=1130902307 
-完成任务：pid=1130902307 
执行任务: pid=63603422 
-完成任务：pid=63603422 
执行任务: pid=379842788 
-完成任务：pid=379842788 
执行任务: pid=1859714180 
-完成任务：pid=1859714180 
执行任务: pid=1111899429 
-完成任务：pid=1111899429 
执行任务: pid=440234228 
-完成任务：pid=440234228 
执行任务: pid=625140029 
-完成任务：pid=625140029 
执行任务: pid=729525563 
-完成任务：pid=729525563 
执行任务: pid=459009414 
-完成任务：pid=459009414 
执行任务: pid=6340725 
-完成任务：pid=6340725 
执行任务: pid=565412026 
-完成任务：pid=565412026 
执行任务: pid=1912114463 
-完成任务：pid=1912114463 
执行任务: pid=177973440 
-完成任务：pid=177973440 
执行任务: pid=865488933 
-完成任务：pid=865488933 
执行任务: pid=1266360421 
-完成任务：pid=1266360421 
执行任务: pid=90158200 
-完成任务：pid=90158200 
执行任务: pid=1438082798 
-完成任务：pid=1438082798 
执行任务: pid=416071868 
-完成任务：pid=416071868 
执行任务: pid=1421516749 
-完成任务：pid=1421516749 
执行任务: pid=1392893809 
-完成任务：pid=1392893809 
执行任务: pid=148295549 
-完成任务：pid=148295549 
执行任务: pid=1609242353 
-完成任务：pid=1609242353 
执行任务: pid=1220521051 
-完成任务：pid=1220521051 
执行任务: pid=1488135171 
-完成任务：pid=1488135171 
执行任务: pid=1541538411 
-完成任务：pid=1541538411 
执行任务: pid=1124723003 
-完成任务：pid=1124723003 
执行任务: pid=1052779700 
-完成任务：pid=1052779700 
执行任务: pid=1829562641 
-完成任务：pid=1829562641 
执行任务: pid=495961064 
-完成任务：pid=495961064 
执行任务: pid=298631684 
-完成任务：pid=298631684 
执行任务: pid=959487391 
-完成任务：pid=959487391 
执行任务: pid=207304369 
-完成任务：pid=207304369 
执行任务: pid=1562464333 
-完成任务：pid=1562464333 
执行任务: pid=1067236288 
-完成任务：pid=1067236288 
执行任务: pid=109689809 
-完成任务：pid=109689809 
执行任务: pid=512618108 
-完成任务：pid=512618108 
执行任务: pid=1617518657 
-完成任务：pid=1617518657 
执行任务: pid=646668718 
-完成任务：pid=646668718 
执行任务: pid=1336783079 
-完成任务：pid=1336783079 
执行任务: pid=955776447 
-完成任务：pid=955776447 
执行任务: pid=1508168713 
-完成任务：pid=1508168713 
执行任务: pid=979844668 
-完成任务：pid=979844668 
执行任务: pid=1814304285 
-完成任务：pid=1814304285 
执行任务: pid=299854489 
-完成任务：pid=299854489 
执行任务: pid=266894376 
-完成任务：pid=266894376 
执行任务: pid=369243362 
-完成任务：pid=369243362 
执行任务: pid=2096361538 
-完成任务：pid=2096361538 
执行任务: pid=1372687544 
-完成任务：pid=1372687544 
执行任务: pid=1765121299 
-完成任务：pid=1765121299 
执行任务: pid=46349043 
-完成任务：pid=46349043 
执行任务: pid=2109784425 
-完成任务：pid=2109784425 
执行任务: pid=160030442 
-完成任务：pid=160030442 
执行任务: pid=1438738832 
-完成任务：pid=1438738832 
执行任务: pid=1943683941 
-完成任务：pid=1943683941 
执行任务: pid=1669504788 
-完成任务：pid=1669504788 
执行任务: pid=1570088702 
-完成任务：pid=1570088702 
执行任务: pid=659876519 
-完成任务：pid=659876519 
执行任务: pid=632115662 
-完成任务：pid=632115662 
执行任务: pid=436481041 
-完成任务：pid=436481041 
执行任务: pid=1492695578 
-完成任务：pid=1492695578 
执行任务: pid=1555549085 
-完成任务：pid=1555549085 
执行任务: pid=821353660 
-完成任务：pid=821353660 
执行任务: pid=1433331737 
-完成任务：pid=1433331737 
执行任务: pid=1644349027 
-完成任务：pid=1644349027 
执行任务: pid=1491094533 
-完成任务：pid=1491094533 
执行任务: pid=2138683759 
-完成任务：pid=2138683759 
执行任务: pid=1474191517 
-完成任务：pid=1474191517 
执行任务: pid=1965924822 
-完成任务：pid=1965924822 
执行任务: pid=1776508315 
-完成任务：pid=1776508315 
执行任务: pid=986858625 
-完成任务：pid=986858625 
执行任务: pid=825219957 
-完成任务：pid=825219957 
执行任务: pid=764777328 
-完成任务：pid=764777328 
执行任务: pid=415648694 
-完成任务：pid=415648694 
执行任务: pid=1909192729 
-完成任务：pid=1909192729 
执行任务: pid=1085194597 
-完成任务：pid=1085194597 
执行任务: pid=798714260 
-完成任务：pid=798714260 
执行任务: pid=543423399 
-完成任务：pid=543423399 
执行任务: pid=1184110368 
-完成任务：pid=1184110368 
执行任务: pid=671702934 
-完成任务：pid=671702934 
执行任务: pid=1284522509 
-完成任务：pid=1284522509 
执行任务: pid=1062167282 
-完成任务：pid=1062167282 
执行任务: pid=1753412222 
-完成任务：pid=1753412222 
执行任务: pid=547680491 
-完成任务：pid=547680491 
执行任务: pid=117285941 
-完成任务：pid=117285941 
执行任务: pid=1469706967 
-完成任务：pid=1469706967 
执行任务: pid=1356668442 
-完成任务：pid=1356668442 
执行任务: pid=208585062 
-完成任务：pid=208585062 
执行任务: pid=555375556 
-完成任务：pid=555375556 
执行任务: pid=1182098684 
-完成任务：pid=1182098684 
执行任务: pid=1382222104 
-完成任务：pid=1382222104 
执行任务: pid=976672706 
-完成任务：pid=976672706 
执行任务: pid=657405942 
-完成任务：pid=657405942 
执行任务: pid=910958296 
-完成任务：pid=910958296 
执行任务: pid=439422484 
-完成任务：pid=439422484 
执行任务: pid=929029963 
-完成任务：pid=929029963 
执行任务: pid=890742781 
-完成任务：pid=890742781 
执行任务: pid=1321205680 
-完成任务：pid=1321205680 
执行任务: pid=1031195228 
-完成任务：pid=1031195228 
执行任务: pid=212358304 
-完成任务：pid=212358304 
执行任务: pid=509584393 
-完成任务：pid=509584393 
执行任务: pid=691258905 
-完成任务：pid=691258905 
执行任务: pid=499358206 
-完成任务：pid=499358206 
执行任务: pid=87616337 
-完成任务：pid=87616337 
执行任务: pid=287329213 
-完成任务：pid=287329213 
执行任务: pid=702560275 
-完成任务：pid=702560275 
执行任务: pid=1978422662 
-完成任务：pid=1978422662 
执行任务: pid=804559840 
-完成任务：pid=804559840 
执行任务: pid=1331236644 
-完成任务：pid=1331236644 
执行任务: pid=199554199 
-完成任务：pid=199554199 
执行任务: pid=1014196622 
-完成任务：pid=1014196622 
执行任务: pid=1070390892 
-完成任务：pid=1070390892 
执行任务: pid=798691239 
-完成任务：pid=798691239 
执行任务: pid=1853281311 
-完成任务：pid=1853281311 
执行任务: pid=2049792410 
-完成任务：pid=2049792410 
执行任务: pid=1204179124 
-完成任务：pid=1204179124 
执行任务: pid=1888476293 
-完成任务：pid=1888476293 
执行任务: pid=172824836 
-完成任务：pid=172824836 
执行任务: pid=1733420352 
-完成任务：pid=1733420352 
执行任务: pid=1679851678 
-完成任务：pid=1679851678 
执行任务: pid=1440137566 
-完成任务：pid=1440137566 
执行任务: pid=152205144 
-完成任务：pid=152205144 
执行任务: pid=1691574717 
-完成任务：pid=1691574717 
执行任务: pid=1179502166 
-完成任务：pid=1179502166 
执行任务: pid=1545506067 
-完成任务：pid=1545506067 
执行任务: pid=2006084808 
-完成任务：pid=2006084808 
执行任务: pid=1418969746 
-完成任务：pid=1418969746 
执行任务: pid=1366375477 
-完成任务：pid=1366375477 
执行任务: pid=2042010501 
-完成任务：pid=2042010501 
执行任务: pid=857794069 
-完成任务：pid=857794069 
执行任务: pid=1727995510 
-完成任务：pid=1727995510 
执行任务: pid=1812431125 
-完成任务：pid=1812431125 
执行任务: pid=182703177 
-完成任务：pid=182703177 
执行任务: pid=848033466 
-完成任务：pid=848033466 
执行任务: pid=1412231957 
-完成任务：pid=1412231957 
执行任务: pid=1700082710 
-完成任务：pid=1700082710 
执行任务: pid=2067827969 
-完成任务：pid=2067827969 
执行任务: pid=136135122 
-完成任务：pid=136135122 
执行任务: pid=565850726 
-完成任务：pid=565850726 
执行任务: pid=913397931 
-完成任务：pid=913397931 
执行任务: pid=1245041122 
-完成任务：pid=1245041122 
执行任务: pid=1249526648 
-完成任务：pid=1249526648 
执行任务: pid=20302128 
-完成任务：pid=20302128 
执行任务: pid=1111178081 
-完成任务：pid=1111178081 
执行任务: pid=1762050993 
-完成任务：pid=1762050993 
执行任务: pid=2109590591 
-完成任务：pid=2109590591 
执行任务: pid=456766063 
-完成任务：pid=456766063 
执行任务: pid=282167586 
-完成任务：pid=282167586 
执行任务: pid=429856425 
-完成任务：pid=429856425 
执行任务: pid=207510152 
-完成任务：pid=207510152 
执行任务: pid=11132464 
-完成任务：pid=11132464 
执行任务: pid=268682049 
-完成任务：pid=268682049 
执行任务: pid=276120015 
-完成任务：pid=276120015 
执行任务: pid=1721480158 
-完成任务：pid=1721480158 
执行任务: pid=1394317494 
-完成任务：pid=1394317494 
执行任务: pid=1694604008 
-完成任务：pid=1694604008 
执行任务: pid=2112373129 
-完成任务：pid=2112373129 
执行任务: pid=1023614542 
-完成任务：pid=1023614542 
执行任务: pid=522341548 
-完成任务：pid=522341548 
执行任务: pid=14026216 
-完成任务：pid=14026216 
执行任务: pid=1190627782 
-完成任务：pid=1190627782 
执行任务: pid=1432526695 
-完成任务：pid=1432526695 
执行任务: pid=596880434 
-完成任务：pid=596880434 
执行任务: pid=795505724 
-完成任务：pid=795505724 
执行任务: pid=1969854235 
-完成任务：pid=1969854235 
执行任务: pid=2107494120 
-完成任务：pid=2107494120 
执行任务: pid=1457457787 
-完成任务：pid=1457457787 
执行任务: pid=255441010 
-完成任务：pid=255441010 
执行任务: pid=973383716 
-完成任务：pid=973383716 
执行任务: pid=213423359 
-完成任务：pid=213423359 
执行任务: pid=2074404396 
-完成任务：pid=2074404396 
执行任务: pid=695036916 
-完成任务：pid=695036916 
执行任务: pid=887398563 
-完成任务：pid=887398563 
执行任务: pid=1288085636 
-完成任务：pid=1288085636 
执行任务: pid=994716282 
-完成任务：pid=994716282 
执行任务: pid=158175466 
-完成任务：pid=158175466 
执行任务: pid=1884013055 
-完成任务：pid=1884013055 
执行任务: pid=1582569412 
-完成任务：pid=1582569412 
执行任务: pid=2019990307 
-完成任务：pid=2019990307 
执行任务: pid=1075710018 
-完成任务：pid=1075710018 
执行任务: pid=1920671137 
-完成任务：pid=1920671137 
执行任务: pid=1648412191 
-完成任务：pid=1648412191 
执行任务: pid=263112359 
-完成任务：pid=263112359 
执行任务: pid=755292737 
-完成任务：pid=755292737 
执行任务: pid=569060035 
-完成任务：pid=569060035 
执行任务: pid=1153024747 
-完成任务：pid=1153024747 
执行任务: pid=847843554 
-完成任务：pid=847843554 
执行任务: pid=549871914 
-完成任务：pid=549871914 
执行任务: pid=61766187 
-完成任务：pid=61766187 
执行任务: pid=173333964 
-完成任务：pid=173333964 
执行任务: pid=774677909 
-完成任务：pid=774677909 
执行任务: pid=1332638464 
-完成任务：pid=1332638464 
执行任务: pid=1282240270 
-完成任务：pid=1282240270 
执行任务: pid=104582956 
-完成任务：pid=104582956 
执行任务: pid=1950369012 
-完成任务：pid=1950369012 
执行任务: pid=1595338401 
-完成任务：pid=1595338401 
执行任务: pid=2071374878 
-完成任务：pid=2071374878 
执行任务: pid=75257500 
-完成任务：pid=75257500 
执行任务: pid=829064466 
-完成任务：pid=829064466 
执行任务: pid=1258467212 
-完成任务：pid=1258467212 
执行任务: pid=628595593 
-完成任务：pid=628595593 
执行任务: pid=1465647299 
-完成任务：pid=1465647299 
执行任务: pid=1234696183 
-完成任务：pid=1234696183 
执行任务: pid=1511814692 
-完成任务：pid=1511814692 
执行任务: pid=259035588 
-完成任务：pid=259035588 
执行任务: pid=495240477 
-完成任务：pid=495240477 
执行任务: pid=2051357594 
-完成任务：pid=2051357594 
执行任务: pid=1154121527 
-完成任务：pid=1154121527 
执行任务: pid=1509875452 
-完成任务：pid=1509875452 
执行任务: pid=534173437 
-完成任务：pid=534173437 
执行任务: pid=1255359902 
-完成任务：pid=1255359902 
执行任务: pid=870126132 
-完成任务：pid=870126132 
执行任务: pid=828670222 
-完成任务：pid=828670222 
执行任务: pid=316943369 
-完成任务：pid=316943369 
执行任务: pid=1787095331 
-完成任务：pid=1787095331 
执行任务: pid=1199613800 
-完成任务：pid=1199613800 
执行任务: pid=96451346 
-完成任务：pid=96451346 
执行任务: pid=1253875633 
-完成任务：pid=1253875633 
执行任务: pid=1030245030 
-完成任务：pid=1030245030 
执行任务: pid=200357672 
-完成任务：pid=200357672 
执行任务: pid=1937013887 
-完成任务：pid=1937013887 
执行任务: pid=1801983212 
-完成任务：pid=1801983212 
执行任务: pid=2025939866 
-完成任务：pid=2025939866 
执行任务: pid=2106313153 
-完成任务：pid=2106313153 
执行任务: pid=978259441 
-完成任务：pid=978259441 
执行任务: pid=1884539589 
-完成任务：pid=1884539589 
执行任务: pid=1709415400 
-完成任务：pid=1709415400 
执行任务: pid=742833891 
-完成任务：pid=742833891 
执行任务: pid=610797872 
-完成任务：pid=610797872 
执行任务: pid=1215371752 
-完成任务：pid=1215371752 
执行任务: pid=1875497348 
-完成任务：pid=1875497348 
执行任务: pid=1260490500 
-完成任务：pid=1260490500 
执行任务: pid=706098586 
-完成任务：pid=706098586 
执行任务: pid=594463276 
-完成任务：pid=594463276 
执行任务: pid=1740339176 
-完成任务：pid=1740339176 
执行任务: pid=1812954087 
-完成任务：pid=1812954087 
执行任务: pid=491425588 
-完成任务：pid=491425588 
执行任务: pid=1470519739 
-完成任务：pid=1470519739 
执行任务: pid=1151930208 
-完成任务：pid=1151930208 
执行任务: pid=534159605 
-完成任务：pid=534159605 
执行任务: pid=1207670729 
-完成任务：pid=1207670729 
执行任务: pid=275402765 
-完成任务：pid=275402765 
执行任务: pid=1939370422 
-完成任务：pid=1939370422 
执行任务: pid=1048471137 
-完成任务：pid=1048471137 
执行任务: pid=1113554047 
-完成任务：pid=1113554047 
执行任务: pid=886125081 
-完成任务：pid=886125081 
执行任务: pid=1053339789 
-完成任务：pid=1053339789 
执行任务: pid=1998957223 
-完成任务：pid=1998957223 
执行任务: pid=1228140226 
-完成任务：pid=1228140226 
执行任务: pid=786966091 
-完成任务：pid=786966091 
执行任务: pid=2119828885 
-完成任务：pid=2119828885 
执行任务: pid=1346095732 
-完成任务：pid=1346095732 
执行任务: pid=60877355 
-完成任务：pid=60877355 
执行任务: pid=1891850561 
-完成任务：pid=1891850561 
执行任务: pid=735826874 
-完成任务：pid=735826874 
执行任务: pid=2085951156 
-完成任务：pid=2085951156 
执行任务: pid=1805913394 
-完成任务：pid=1805913394 
执行任务: pid=1132154482 
-完成任务：pid=1132154482 
执行任务: pid=2082029866 
-完成任务：pid=2082029866 
执行任务: pid=157844739 
-完成任务：pid=157844739 
执行任务: pid=754138170 
-完成任务：pid=754138170 
执行任务: pid=806502618 
-完成任务：pid=806502618 
执行任务: pid=1306340899 
-完成任务：pid=1306340899 
执行任务: pid=860160450 
-完成任务：pid=860160450 
执行任务: pid=982718843 
-完成任务：pid=982718843 
执行任务: pid=153570065 
-完成任务：pid=153570065 
执行任务: pid=1767130508 
-完成任务：pid=1767130508 
执行任务: pid=939881062 
-完成任务：pid=939881062 
执行任务: pid=1542771904 
-完成任务：pid=1542771904 
执行任务: pid=276316842 
-完成任务：pid=276316842 
执行任务: pid=145972125 
-完成任务：pid=145972125 
执行任务: pid=2109178743 
-完成任务：pid=2109178743 
执行任务: pid=278710519 
-完成任务：pid=278710519 
执行任务: pid=983346958 
-完成任务：pid=983346958 
执行任务: pid=1457254582 
-完成任务：pid=1457254582 
执行任务: pid=566726805 
-完成任务：pid=566726805 
执行任务: pid=77846072 
-完成任务：pid=77846072 
执行任务: pid=1353861670 
-完成任务：pid=1353861670 
执行任务: pid=1074541201 
-完成任务：pid=1074541201 
执行任务: pid=1786282507 
-完成任务：pid=1786282507 
执行任务: pid=484839362 
-完成任务：pid=484839362 
执行任务: pid=1736579712 
-完成任务：pid=1736579712 
执行任务: pid=417028869 
-完成任务：pid=417028869 
执行任务: pid=970737942 
-完成任务：pid=970737942 
执行任务: pid=1784291935 
-完成任务：pid=1784291935 
执行任务: pid=463143653 
-完成任务：pid=463143653 
执行任务: pid=1728594567 
-完成任务：pid=1728594567 
执行任务: pid=763462834 
-完成任务：pid=763462834 
执行任务: pid=1807632091 
-完成任务：pid=1807632091 
执行任务: pid=137343155 
-完成任务：pid=137343155 
执行任务: pid=1241404239 
-完成任务：pid=1241404239 
执行任务: pid=1328563578 
-完成任务：pid=1328563578 
执行任务: pid=81227390 
-完成任务：pid=81227390 
执行任务: pid=1726530029 
-完成任务：pid=1726530029 
执行任务: pid=201826824 
-完成任务：pid=201826824 
执行任务: pid=1077560871 
-完成任务：pid=1077560871 
执行任务: pid=77731912 
-完成任务：pid=77731912 
执行任务: pid=1144397927 
-完成任务：pid=1144397927 
执行任务: pid=942953045 
-完成任务：pid=942953045 
执行任务: pid=1216153069 
-完成任务：pid=1216153069 
执行任务: pid=810831059 
-完成任务：pid=810831059 
执行任务: pid=203641397 
-完成任务：pid=203641397 
执行任务: pid=1253866594 
-完成任务：pid=1253866594 
执行任务: pid=1619922646 
-完成任务：pid=1619922646 
执行任务: pid=924535654 
-完成任务：pid=924535654 
执行任务: pid=1073956677 
-完成任务：pid=1073956677 
执行任务: pid=898630084 
-完成任务：pid=898630084 
执行任务: pid=823132708 
-完成任务：pid=823132708 
执行任务: pid=6525242 
-完成任务：pid=6525242 
执行任务: pid=643971256 
-完成任务：pid=643971256 
执行任务: pid=865158578 
-完成任务：pid=865158578 
执行任务: pid=1313347956 
-完成任务：pid=1313347956 
执行任务: pid=562338114 
-完成任务：pid=562338114 
执行任务: pid=619129265 
-完成任务：pid=619129265 
执行任务: pid=986446938 
-完成任务：pid=986446938 
执行任务: pid=75256001 
-完成任务：pid=75256001 
执行任务: pid=6092283 
-完成任务：pid=6092283 
执行任务: pid=1929804335 
-完成任务：pid=1929804335 
执行任务: pid=472413852 
-完成任务：pid=472413852 
执行任务: pid=1604946196 
-完成任务：pid=1604946196 
执行任务: pid=2001423531 
-完成任务：pid=2001423531 
执行任务: pid=50221441 
-完成任务：pid=50221441 
执行任务: pid=231755228 
-完成任务：pid=231755228 
执行任务: pid=1851571713 
-完成任务：pid=1851571713 
执行任务: pid=80608545 
-完成任务：pid=80608545 
执行任务: pid=2126950612 
-完成任务：pid=2126950612 
执行任务: pid=1186557466 
-完成任务：pid=1186557466 
执行任务: pid=100702526 
-完成任务：pid=100702526 
执行任务: pid=1115850794 
-完成任务：pid=1115850794 
执行任务: pid=489436686 
-完成任务：pid=489436686 
执行任务: pid=1818804876 
-完成任务：pid=1818804876 
执行任务: pid=847414819 
-完成任务：pid=847414819 
执行任务: pid=1466742797 
-完成任务：pid=1466742797 
执行任务: pid=1423848629 
-完成任务：pid=1423848629 
执行任务: pid=909534129 
-完成任务：pid=909534129 
执行任务: pid=1076229464 
-完成任务：pid=1076229464 
执行任务: pid=236688896 
-完成任务：pid=236688896 
执行任务: pid=846724993 
-完成任务：pid=846724993 
执行任务: pid=127039971 
-完成任务：pid=127039971 
执行任务: pid=756105525 
-完成任务：pid=756105525 
执行任务: pid=1745917948 
-完成任务：pid=1745917948 
执行任务: pid=59981415 
-完成任务：pid=59981415 
执行任务: pid=901912586 
-完成任务：pid=901912586 
执行任务: pid=1133640620 
-完成任务：pid=1133640620 
执行任务: pid=607749326 
-完成任务：pid=607749326 
执行任务: pid=1166032328 
-完成任务：pid=1166032328 
执行任务: pid=697026705 
-完成任务：pid=697026705 
执行任务: pid=1682974239 
-完成任务：pid=1682974239 
执行任务: pid=1564072342 
-完成任务：pid=1564072342 
执行任务: pid=999309404 
-完成任务：pid=999309404 
执行任务: pid=145014428 
-完成任务：pid=145014428 
执行任务: pid=625114464 
-完成任务：pid=625114464 
执行任务: pid=1850967192 
-完成任务：pid=1850967192 
执行任务: pid=837394755 
-完成任务：pid=837394755 
执行任务: pid=1533003711 
-完成任务：pid=1533003711 
执行任务: pid=470647491 
-完成任务：pid=470647491 
执行任务: pid=545820473 
-完成任务：pid=545820473 
执行任务: pid=1342404974 
-完成任务：pid=1342404974 
执行任务: pid=475418146 
-完成任务：pid=475418146 
执行任务: pid=1480198501 
-完成任务：pid=1480198501 
执行任务: pid=1645507989 
-完成任务：pid=1645507989 
执行任务: pid=2038914273 
-完成任务：pid=2038914273 
执行任务: pid=788004410 
-完成任务：pid=788004410 
执行任务: pid=1384106796 
-完成任务：pid=1384106796 
执行任务: pid=2043559153 
-完成任务：pid=2043559153 
执行任务: pid=2089004027 
-完成任务：pid=2089004027 
执行任务: pid=1205540391 
-完成任务：pid=1205540391 
执行任务: pid=1784232907 
-完成任务：pid=1784232907 
执行任务: pid=1215751861 
-完成任务：pid=1215751861 
执行任务: pid=697835449 
-完成任务：pid=697835449 
执行任务: pid=75195224 
-完成任务：pid=75195224 
执行任务: pid=263251898 
-完成任务：pid=263251898 
执行任务: pid=1911894855 
-完成任务：pid=1911894855 
执行任务: pid=1721771374 
-完成任务：pid=1721771374 
执行任务: pid=195205310 
-完成任务：pid=195205310 
执行任务: pid=1712073434 
-完成任务：pid=1712073434 
执行任务: pid=895650773 
-完成任务：pid=895650773 
执行任务: pid=1113163001 
-完成任务：pid=1113163001 
执行任务: pid=1393675925 
-完成任务：pid=1393675925 
执行任务: pid=2108635447 
-完成任务：pid=2108635447 
执行任务: pid=900146584 
-完成任务：pid=900146584 
执行任务: pid=1386775276 
-完成任务：pid=1386775276 
执行任务: pid=622722684 
-完成任务：pid=622722684 
执行任务: pid=896752654 
-完成任务：pid=896752654 
执行任务: pid=70382029 
-完成任务：pid=70382029 
执行任务: pid=1425471075 
-完成任务：pid=1425471075 
执行任务: pid=1900351986 
-完成任务：pid=1900351986 
执行任务: pid=1720918723 
-完成任务：pid=1720918723 
执行任务: pid=1215259235 
-完成任务：pid=1215259235 
执行任务: pid=10681323 
-完成任务：pid=10681323 
执行任务: pid=1031170483 
-完成任务：pid=1031170483 
执行任务: pid=162373783 
-完成任务：pid=162373783 
执行任务: pid=1204098601 
-完成任务：pid=1204098601 
执行任务: pid=949390542 
-完成任务：pid=949390542 
执行任务: pid=1076993914 
-完成任务：pid=1076993914 
执行任务: pid=98797356 
-完成任务：pid=98797356 
执行任务: pid=1496343829 
-完成任务：pid=1496343829 
执行任务: pid=597168592 
-完成任务：pid=597168592 
执行任务: pid=2096486112 
-完成任务：pid=2096486112 
执行任务: pid=999071893 
-完成任务：pid=999071893 
执行任务: pid=1228801108 
-完成任务：pid=1228801108 
执行任务: pid=1616868544 
-完成任务：pid=1616868544 
执行任务: pid=8448280 
-完成任务：pid=8448280 
执行任务: pid=739418830 
-完成任务：pid=739418830 
执行任务: pid=1891277329 
-完成任务：pid=1891277329 
执行任务: pid=430355070 
-完成任务：pid=430355070 
执行任务: pid=751291041 
-完成任务：pid=751291041 
执行任务: pid=1247724554 
-完成任务：pid=1247724554 
执行任务: pid=727405887 
-完成任务：pid=727405887 
执行任务: pid=1320784411 
-完成任务：pid=1320784411 
执行任务: pid=1410644271 
-完成任务：pid=1410644271 
执行任务: pid=996252508 
-完成任务：pid=996252508 
执行任务: pid=1288940356 
-完成任务：pid=1288940356 
执行任务: pid=1571898941 
-完成任务：pid=1571898941 
执行任务: pid=1182615901 
-完成任务：pid=1182615901 
执行任务: pid=2031390704 
-完成任务：pid=2031390704 
执行任务: pid=875818300 
-完成任务：pid=875818300 
执行任务: pid=1374948961 
-完成任务：pid=1374948961 
执行任务: pid=755412951 
-完成任务：pid=755412951 
执行任务: pid=250445523 
-完成任务：pid=250445523 
执行任务: pid=2092913191 
-完成任务：pid=2092913191 
执行任务: pid=37383618 
-完成任务：pid=37383618 
执行任务: pid=1910701702 
-完成任务：pid=1910701702 
执行任务: pid=637299012 
-完成任务：pid=637299012 
执行任务: pid=1271626834 
-完成任务：pid=1271626834 
执行任务: pid=1008174960 
-完成任务：pid=1008174960 
执行任务: pid=1558126221 
-完成任务：pid=1558126221 
执行任务: pid=441772909 
-完成任务：pid=441772909 
执行任务: pid=1108172494 
-完成任务：pid=1108172494 
执行任务: pid=753497759 
-完成任务：pid=753497759 
执行任务: pid=687358558 
-完成任务：pid=687358558 
执行任务: pid=1347149423 
-完成任务：pid=1347149423 
执行任务: pid=1159675424 
-完成任务：pid=1159675424 
执行任务: pid=387577382 
-完成任务：pid=387577382 
执行任务: pid=348790989 
-完成任务：pid=348790989 
执行任务: pid=461697999 
-完成任务：pid=461697999 
执行任务: pid=1451012551 
-完成任务：pid=1451012551 
执行任务: pid=1163850042 
-完成任务：pid=1163850042 
执行任务: pid=1139060583 
-完成任务：pid=1139060583 
执行任务: pid=389039216 
-完成任务：pid=389039216 
执行任务: pid=17179056 
-完成任务：pid=17179056 
执行任务: pid=107714141 
-完成任务：pid=107714141 
执行任务: pid=1949780529 
-完成任务：pid=1949780529 
执行任务: pid=1917392715 
-完成任务：pid=1917392715 
执行任务: pid=1768547662 
-完成任务：pid=1768547662 
执行任务: pid=514271524 
-完成任务：pid=514271524 
执行任务: pid=1310125114 
-完成任务：pid=1310125114 
执行任务: pid=1923340455 
-完成任务：pid=1923340455 
执行任务: pid=2014144510 
-完成任务：pid=2014144510 
执行任务: pid=219932973 
-完成任务：pid=219932973 
执行任务: pid=945902910 
-完成任务：pid=945902910 
执行任务: pid=1388601290 
-完成任务：pid=1388601290 
执行任务: pid=130239781 
-完成任务：pid=130239781 
执行任务: pid=301349285 
-完成任务：pid=301349285 
执行任务: pid=1129649050 
-完成任务：pid=1129649050 
执行任务: pid=266781463 
-完成任务：pid=266781463 
执行任务: pid=1599958472 
-完成任务：pid=1599958472 
执行任务: pid=807411436 
-完成任务：pid=807411436 
执行任务: pid=1387539765 
-完成任务：pid=1387539765 
执行任务: pid=218910463 
-完成任务：pid=218910463 
执行任务: pid=941708273 
-完成任务：pid=941708273 
执行任务: pid=1988366011 
-完成任务：pid=1988366011 
执行任务: pid=440930282 
-完成任务：pid=440930282 
执行任务: pid=913204257 
-完成任务：pid=913204257 
执行任务: pid=2135330949 
-完成任务：pid=2135330949 
执行任务: pid=970135890 
-完成任务：pid=970135890 
执行任务: pid=291931431 
-完成任务：pid=291931431 
执行任务: pid=804935020 
-完成任务：pid=804935020 
执行任务: pid=28167669 
-完成任务：pid=28167669 
执行任务: pid=1472579124 
-完成任务：pid=1472579124 
执行任务: pid=851187503 
-完成任务：pid=851187503 
执行任务: pid=204973708 
-完成任务：pid=204973708 
执行任务: pid=390597327 
-完成任务：pid=390597327 
执行任务: pid=589809635 
-完成任务：pid=589809635 
执行任务: pid=1041487892 
-完成任务：pid=1041487892 
执行任务: pid=1012267588 
-完成任务：pid=1012267588 
执行任务: pid=1116779504 
-完成任务：pid=1116779504 
执行任务: pid=430076478 
-完成任务：pid=430076478 
执行任务: pid=1503740158 
-完成任务：pid=1503740158 
执行任务: pid=1028808488 
-完成任务：pid=1028808488 
执行任务: pid=830136341 
-完成任务：pid=830136341 
执行任务: pid=2017370990 
-完成任务：pid=2017370990 
执行任务: pid=1143289790 
-完成任务：pid=1143289790 
执行任务: pid=1170372007 
-完成任务：pid=1170372007 
执行任务: pid=675794681 
-完成任务：pid=675794681 
执行任务: pid=1707374689 
-完成任务：pid=1707374689 
执行任务: pid=1328168521 
-完成任务：pid=1328168521 
执行任务: pid=692828446 
-完成任务：pid=692828446 
执行任务: pid=857623116 
-完成任务：pid=857623116 
执行任务: pid=2076244312 
-完成任务：pid=2076244312 
执行任务: pid=722697244 
-完成任务：pid=722697244 
执行任务: pid=663164175 
-完成任务：pid=663164175 
执行任务: pid=1674562357 
-完成任务：pid=1674562357 
执行任务: pid=1655190907 
-完成任务：pid=1655190907 
执行任务: pid=1928292214 
-完成任务：pid=1928292214 
执行任务: pid=127141392 
-完成任务：pid=127141392 
执行任务: pid=60582199 
-完成任务：pid=60582199 
执行任务: pid=589687378 
-完成任务：pid=589687378 
执行任务: pid=393179008 
-完成任务：pid=393179008 
执行任务: pid=440397680 
-完成任务：pid=440397680 
执行任务: pid=1523953063 
-完成任务：pid=1523953063 
执行任务: pid=1577773252 
-完成任务：pid=1577773252 
执行任务: pid=186592587 
-完成任务：pid=186592587 
执行任务: pid=1374890806 
-完成任务：pid=1374890806 
执行任务: pid=1013627844 
-完成任务：pid=1013627844 
执行任务: pid=112284174 
-完成任务：pid=112284174 
执行任务: pid=857716556 
-完成任务：pid=857716556 
执行任务: pid=194139138 
-完成任务：pid=194139138 
执行任务: pid=735029383 
-完成任务：pid=735029383 
执行任务: pid=1238227624 
-完成任务：pid=1238227624 
执行任务: pid=274816022 
-完成任务：pid=274816022 
执行任务: pid=200138406 
-完成任务：pid=200138406 
执行任务: pid=720408823 
-完成任务：pid=720408823 
执行任务: pid=189363734 
-完成任务：pid=189363734 
执行任务: pid=1835581314 
-完成任务：pid=1835581314 
执行任务: pid=191503556 
-完成任务：pid=191503556 
执行任务: pid=884580862 
-完成任务：pid=884580862 
执行任务: pid=1516142010 
-完成任务：pid=1516142010 
执行任务: pid=1151961452 
-完成任务：pid=1151961452 
执行任务: pid=1934368492 
-完成任务：pid=1934368492 
执行任务: pid=1873517482 
-完成任务：pid=1873517482 
执行任务: pid=1004951974 
-完成任务：pid=1004951974 
执行任务: pid=532880830 
-完成任务：pid=532880830 
执行任务: pid=1246023752 
-完成任务：pid=1246023752 
执行任务: pid=1804181520 
-完成任务：pid=1804181520 
执行任务: pid=541035663 
-完成任务：pid=541035663 
